android/app/build/intermediates/manifest_merge_blame_file/debug/manifest-merger-blame-debug-report.txt
1<?xml version="1.0" encoding="utf-8"?>
2<manifest xmlns:android="http://schemas.android.com/apk/res/android"
3    package="com.ble_rn_explorer"
4    android:versionCode="1"
5    android:versionName="1.0" >
6
7    <uses-sdk
8        android:minSdkVersion="21"
9        android:targetSdkVersion="31" />
10
11    <uses-permission android:name="android.permission.SYSTEM_ALERT_WINDOW" />
11-->src/debug/AndroidManifest.xml:5:5-77
11-->src/debug/AndroidManifest.xml:5:22-75
12    <uses-permission android:name="android.permission.INTERNET" />
12-->src/main/AndroidManifest.xml:4:5-67
12-->src/main/AndroidManifest.xml:4:22-64
13    <uses-permission
13-->src/main/AndroidManifest.xml:6:7-7:51
14        android:name="android.permission.BLUETOOTH"
14-->src/main/AndroidManifest.xml:6:24-67
15        android:maxSdkVersion="30" />
15-->src/main/AndroidManifest.xml:7:22-48
16    <uses-permission
16-->src/main/AndroidManifest.xml:8:5-9:51
17        android:name="android.permission.BLUETOOTH_ADMIN"
17-->src/main/AndroidManifest.xml:8:22-71
18        android:maxSdkVersion="30" />
18-->src/main/AndroidManifest.xml:9:22-48
19    <!--
20 Needed only if your app looks for Bluetooth devices.
21         If your app doesn't use Bluetooth scan results to derive physical
22         location information, you can strongly assert that your app
23         doesn't derive physical location.
24    -->
25    <uses-permission android:name="android.permission.BLUETOOTH_SCAN" />
25-->src/main/AndroidManifest.xml:14:5-73
25-->src/main/AndroidManifest.xml:14:22-70
26    <!--
27 Needed only if your app makes the device discoverable to Bluetooth
28         devices.
29    -->
30    <uses-permission android:name="android.permission.BLUETOOTH_ADVERTISE" />
30-->src/main/AndroidManifest.xml:18:5-78
30-->src/main/AndroidManifest.xml:18:22-75
31    <!--
32 Needed only if your app communicates with already-paired Bluetooth
33         devices.
34    -->
35    <uses-permission android:name="android.permission.BLUETOOTH_CONNECT" /> <!-- Needed only if your app uses Bluetooth scan results to derive physical location. -->
35-->src/main/AndroidManifest.xml:22:5-76
35-->src/main/AndroidManifest.xml:22:22-73
36    <uses-permission android:name="android.permission.ACCESS_FINE_LOCATION" />
36-->src/main/AndroidManifest.xml:25:5-79
36-->src/main/AndroidManifest.xml:25:22-76
37    <uses-permission android:name="android.permission.ACCESS_WIFI_STATE" />
37-->[com.facebook.flipper:flipper:0.125.0] AndroidManifest.xml:16:5-76
37-->[com.facebook.flipper:flipper:0.125.0] AndroidManifest.xml:16:22-73
38
39    <uses-permission-sdk-23 android:name="android.permission.ACCESS_COARSE_LOCATION" />
39-->[com.github.Polidea:MultiPlatformBleAdapter:b0272c0fae040cc90f790481c54e8f2d45304339] AndroidManifest.xml:14:5-88
39-->[com.github.Polidea:MultiPlatformBleAdapter:b0272c0fae040cc90f790481c54e8f2d45304339] AndroidManifest.xml:14:29-85
40    <uses-permission-sdk-23 android:name="android.permission.ACCESS_FINE_LOCATION" />
40-->[com.polidea.rxandroidble:rxandroidble:1.7.1] AndroidManifest.xml:15:5-86
40-->[com.polidea.rxandroidble:rxandroidble:1.7.1] AndroidManifest.xml:15:29-83
41
42    <application
42-->src/main/AndroidManifest.xml:26:5-45:19
43        android:name="com.ble_rn_explorer.MainApplication"
43-->src/main/AndroidManifest.xml:27:7-38
44        android:allowBackup="false"
44-->src/main/AndroidManifest.xml:31:7-34
45        android:appComponentFactory="androidx.core.app.CoreComponentFactory"
45-->[androidx.core:core:1.8.0] AndroidManifest.xml:24:18-86
46        android:debuggable="true"
47        android:icon="@mipmap/ic_launcher"
47-->src/main/AndroidManifest.xml:29:7-41
48        android:label="@string/app_name"
48-->src/main/AndroidManifest.xml:28:7-39
49        android:roundIcon="@mipmap/ic_launcher_round"
49-->src/main/AndroidManifest.xml:30:7-52
50        android:theme="@style/AppTheme"
50-->src/main/AndroidManifest.xml:32:7-38
51        android:usesCleartextTraffic="true" >
51-->src/debug/AndroidManifest.xml:8:9-44
52        <activity
52-->src/debug/AndroidManifest.xml:11:9-111
53            android:name="com.facebook.react.devsupport.DevSettingsActivity"
53-->src/debug/AndroidManifest.xml:11:19-83
54            android:exported="false" />
54-->src/debug/AndroidManifest.xml:11:84-108
55        <activity
55-->src/main/AndroidManifest.xml:33:7-44:18
56            android:name="com.ble_rn_explorer.MainActivity"
56-->src/main/AndroidManifest.xml:34:9-37
57            android:configChanges="keyboard|keyboardHidden|orientation|screenLayout|screenSize|smallestScreenSize|uiMode"
57-->src/main/AndroidManifest.xml:36:9-118
58            android:exported="true"
58-->src/main/AndroidManifest.xml:39:9-32
59            android:label="@string/app_name"
59-->src/main/AndroidManifest.xml:35:9-41
60            android:launchMode="singleTask"
60-->src/main/AndroidManifest.xml:37:9-40
61            android:windowSoftInputMode="adjustResize" >
61-->src/main/AndroidManifest.xml:38:9-51
62            <intent-filter>
62-->src/main/AndroidManifest.xml:40:9-43:25
63                <action android:name="android.intent.action.MAIN" />
63-->src/main/AndroidManifest.xml:41:13-65
63-->src/main/AndroidManifest.xml:41:21-62
64
65                <category android:name="android.intent.category.LAUNCHER" />
65-->src/main/AndroidManifest.xml:42:13-73
65-->src/main/AndroidManifest.xml:42:23-70
66            </intent-filter>
67        </activity>
68    </application>
69
70</manifest>